==4521== Memcheck, a memory error detector
==4521== Copyright (C) 2002-2017, and GNU GPL'd, by Julian Seward et al.
==4521== Using Valgrind-3.15.0 and LibVEX; rerun with -h for copyright info
==4521== Command: ./DominationGame
==4521== Parent PID: 4
==4521== 
==4521== error calling PR_SET_PTRACER, vgdb might block
==4521== Invalid read of size 8
==4521==    at 0x10AA54: free_memory (in /mnt/c/users/camek/Documents/GitHub/DominationFocus/build/DominationGame)
==4521==    by 0x10A9F5: finish_screen (in /mnt/c/users/camek/Documents/GitHub/DominationFocus/build/DominationGame)
==4521==    by 0x10A75B: play_game (in /mnt/c/users/camek/Documents/GitHub/DominationFocus/build/DominationGame)
==4521==    by 0x109319: main (in /mnt/c/users/camek/Documents/GitHub/DominationFocus/build/DominationGame)
==4521==  Address 0x8 is not stack'd, malloc'd or (recently) free'd
==4521== 
==4521== 
==4521== Process terminating with default action of signal 11 (SIGSEGV)
==4521==  Access not within mapped region at address 0x8
==4521==    at 0x10AA54: free_memory (in /mnt/c/users/camek/Documents/GitHub/DominationFocus/build/DominationGame)
==4521==    by 0x10A9F5: finish_screen (in /mnt/c/users/camek/Documents/GitHub/DominationFocus/build/DominationGame)
==4521==    by 0x10A75B: play_game (in /mnt/c/users/camek/Documents/GitHub/DominationFocus/build/DominationGame)
==4521==    by 0x109319: main (in /mnt/c/users/camek/Documents/GitHub/DominationFocus/build/DominationGame)
==4521==  If you believe this happened as a result of a stack
==4521==  overflow in your program's main thread (unlikely but
==4521==  possible), you can try to increase the size of the
==4521==  main thread stack using the --main-stacksize= flag.
==4521==  The main thread stack size used in this run was 8388608.
==4521== 
==4521== HEAP SUMMARY:
==4521==     in use at exit: 480 bytes in 30 blocks
==4521==   total heap usage: 43 allocs, 13 frees, 8,848 bytes allocated
==4521== 
==4521== LEAK SUMMARY:
==4521==    definitely lost: 0 bytes in 0 blocks
==4521==    indirectly lost: 0 bytes in 0 blocks
==4521==      possibly lost: 0 bytes in 0 blocks
==4521==    still reachable: 480 bytes in 30 blocks
==4521==         suppressed: 0 bytes in 0 blocks
==4521== Reachable blocks (those to which a pointer was found) are not shown.
==4521== To see them, rerun with: --leak-check=full --show-leak-kinds=all
==4521== 
==4521== For lists of detected and suppressed errors, rerun with: -s
==4521== ERROR SUMMARY: 1 errors from 1 contexts (suppressed: 0 from 0)
